<?xml version="1.0" encoding="UTF-8"?>
<testsuite xmlns:xsi="http://www.w3.org/2001/XMLSchema-instance" xsi:noNamespaceSchemaLocation="https://maven.apache.org/surefire/maven-surefire-plugin/xsd/surefire-test-report-3.0.xsd" version="3.0" name="factory.FactoryTest" time="0.022" tests="1" errors="0" skipped="0" failures="0">
  <properties>
    <property name="java.specification.version" value="21"/>
    <property name="sun.jnu.encoding" value="UTF-8"/>
    <property name="java.class.path" value="/home/shh1vachan/IdeaProjects/Java_Tasks/Java_Task_2/target/test-classes:/home/shh1vachan/IdeaProjects/Java_Tasks/Java_Task_2/target/classes:/home/shh1vachan/.m2/repository/org/junit/jupiter/junit-jupiter-api/5.7.0/junit-jupiter-api-5.7.0.jar:/home/shh1vachan/.m2/repository/org/apiguardian/apiguardian-api/1.1.0/apiguardian-api-1.1.0.jar:/home/shh1vachan/.m2/repository/org/opentest4j/opentest4j/1.2.0/opentest4j-1.2.0.jar:/home/shh1vachan/.m2/repository/org/junit/platform/junit-platform-commons/1.7.0/junit-platform-commons-1.7.0.jar:/home/shh1vachan/.m2/repository/org/junit/jupiter/junit-jupiter-engine/5.7.0/junit-jupiter-engine-5.7.0.jar:/home/shh1vachan/.m2/repository/org/junit/platform/junit-platform-engine/1.7.0/junit-platform-engine-1.7.0.jar:/home/shh1vachan/.m2/repository/org/apache/logging/log4j/log4j-api/2.14.1/log4j-api-2.14.1.jar:/home/shh1vachan/.m2/repository/org/apache/logging/log4j/log4j-core/2.14.1/log4j-core-2.14.1.jar:"/>
    <property name="java.vm.vendor" value="Red Hat, Inc."/>
    <property name="sun.arch.data.model" value="64"/>
    <property name="java.vendor.url" value="https://www.redhat.com/"/>
    <property name="user.timezone" value="Asia/Novosibirsk"/>
    <property name="os.name" value="Linux"/>
    <property name="java.vm.specification.version" value="21"/>
    <property name="sun.java.launcher" value="SUN_STANDARD"/>
    <property name="user.country" value="RU"/>
    <property name="sun.boot.library.path" value="/usr/lib/jvm/java-21-openjdk-21.0.4.0.7-2.fc40.x86_64/lib"/>
    <property name="sun.java.command" value="/home/shh1vachan/IdeaProjects/Java_Tasks/Java_Task_2/target/surefire/surefirebooter9412108365263775074.jar /home/shh1vachan/IdeaProjects/Java_Tasks/Java_Task_2/target/surefire 2025-03-21T02-07-25_517-jvmRun1 surefire7411035613001342506tmp surefire_0799216247848986501tmp"/>
    <property name="jdk.debug" value="release"/>
    <property name="surefire.test.class.path" value="/home/shh1vachan/IdeaProjects/Java_Tasks/Java_Task_2/target/test-classes:/home/shh1vachan/IdeaProjects/Java_Tasks/Java_Task_2/target/classes:/home/shh1vachan/.m2/repository/org/junit/jupiter/junit-jupiter-api/5.7.0/junit-jupiter-api-5.7.0.jar:/home/shh1vachan/.m2/repository/org/apiguardian/apiguardian-api/1.1.0/apiguardian-api-1.1.0.jar:/home/shh1vachan/.m2/repository/org/opentest4j/opentest4j/1.2.0/opentest4j-1.2.0.jar:/home/shh1vachan/.m2/repository/org/junit/platform/junit-platform-commons/1.7.0/junit-platform-commons-1.7.0.jar:/home/shh1vachan/.m2/repository/org/junit/jupiter/junit-jupiter-engine/5.7.0/junit-jupiter-engine-5.7.0.jar:/home/shh1vachan/.m2/repository/org/junit/platform/junit-platform-engine/1.7.0/junit-platform-engine-1.7.0.jar:/home/shh1vachan/.m2/repository/org/apache/logging/log4j/log4j-api/2.14.1/log4j-api-2.14.1.jar:/home/shh1vachan/.m2/repository/org/apache/logging/log4j/log4j-core/2.14.1/log4j-core-2.14.1.jar:"/>
    <property name="sun.cpu.endian" value="little"/>
    <property name="user.home" value="/home/shh1vachan"/>
    <property name="user.language" value="ru"/>
    <property name="java.specification.vendor" value="Oracle Corporation"/>
    <property name="java.version.date" value="2024-07-16"/>
    <property name="java.home" value="/usr/lib/jvm/java-21-openjdk-21.0.4.0.7-2.fc40.x86_64"/>
    <property name="file.separator" value="/"/>
    <property name="basedir" value="/home/shh1vachan/IdeaProjects/Java_Tasks/Java_Task_2"/>
    <property name="java.vm.compressedOopsMode" value="Zero based"/>
    <property name="line.separator" value="&#10;"/>
    <property name="java.specification.name" value="Java Platform API Specification"/>
    <property name="java.vm.specification.vendor" value="Oracle Corporation"/>
    <property name="surefire.real.class.path" value="/home/shh1vachan/IdeaProjects/Java_Tasks/Java_Task_2/target/surefire/surefirebooter9412108365263775074.jar"/>
    <property name="sun.management.compiler" value="HotSpot 64-Bit Tiered Compilers"/>
    <property name="java.runtime.version" value="21.0.4+7"/>
    <property name="user.name" value="shh1vachan"/>
    <property name="stdout.encoding" value="UTF-8"/>
    <property name="path.separator" value=":"/>
    <property name="os.version" value="6.10.10-200.fc40.x86_64"/>
    <property name="java.runtime.name" value="OpenJDK Runtime Environment"/>
    <property name="file.encoding" value="UTF-8"/>
    <property name="java.vm.name" value="OpenJDK 64-Bit Server VM"/>
    <property name="java.vendor.version" value="(Red_Hat-21.0.4.0.7-2)"/>
    <property name="localRepository" value="/home/shh1vachan/.m2/repository"/>
    <property name="java.vendor.url.bug" value="https://bugzilla.redhat.com/enter_bug.cgi?product=Fedora&amp;component=java-21-openjdk&amp;version=39"/>
    <property name="java.io.tmpdir" value="/tmp"/>
    <property name="java.version" value="21.0.4"/>
    <property name="user.dir" value="/home/shh1vachan/IdeaProjects/Java_Tasks/Java_Task_2"/>
    <property name="os.arch" value="amd64"/>
    <property name="java.vm.specification.name" value="Java Virtual Machine Specification"/>
    <property name="native.encoding" value="UTF-8"/>
    <property name="java.library.path" value="/usr/java/packages/lib:/usr/lib64:/lib64:/lib:/usr/lib"/>
    <property name="java.vm.info" value="mixed mode, sharing"/>
    <property name="stderr.encoding" value="UTF-8"/>
    <property name="java.vendor" value="Red Hat, Inc."/>
    <property name="java.vm.version" value="21.0.4+7"/>
    <property name="sun.io.unicode.encoding" value="UnicodeLittle"/>
    <property name="java.class.version" value="65.0"/>
  </properties>
  <testcase name="testFactoryCreatesAlls" classname="factory.FactoryTest" time="0.021">
    <system-out><![CDATA[2025-03-21 02:07:27 [main] INFO : Creating command: PUSH
Pushed: 10.0
2025-03-21 02:07:27 [main] INFO : Command PUSH created successfully.
2025-03-21 02:07:27 [main] INFO : Creating command: POP
2025-03-21 02:07:27 [main] INFO : Popped: 10.0
2025-03-21 02:07:27 [main] INFO : Command POP created successfully.
2025-03-21 02:07:27 [main] INFO : Creating command: DEFINE
2025-03-21 02:07:27 [main] INFO : Defined: x = 10.0
2025-03-21 02:07:27 [main] INFO : Command DEFINE created successfully.
2025-03-21 02:07:27 [main] INFO : Creating command: DIVIDE
2025-03-21 02:07:27 [main] INFO : Divide executed: 1.0 / 2.0 = 0.5
2025-03-21 02:07:27 [main] INFO : Command DIVIDE created successfully.
2025-03-21 02:07:27 [main] INFO : Creating command: MULTIPLY
2025-03-21 02:07:27 [main] INFO : Multiply executed: 1.0 * 2.0 = 2.0
2025-03-21 02:07:27 [main] INFO : Command MULTIPLY created successfully.
2025-03-21 02:07:27 [main] INFO : Creating command: SUBTRACT
2025-03-21 02:07:27 [main] INFO : Subtract executed: 1.0 - 2.0 = -1.0
2025-03-21 02:07:27 [main] INFO : Command SUBTRACT created successfully.
2025-03-21 02:07:27 [main] INFO : Creating command: SQRT
2025-03-21 02:07:27 [main] INFO : Sqrt executed: sqrt(4.0) = 2.0
2025-03-21 02:07:27 [main] INFO : Command SQRT created successfully.
2025-03-21 02:07:27 [main] INFO : Creating command: ADD
2025-03-21 02:07:27 [main] INFO : Added: 1.0 + 2.0 = 3.0
2025-03-21 02:07:27 [main] INFO : Command ADD created successfully.
]]></system-out>
  </testcase>
</testsuite>